Copyright 1986-2018 Xilinx, Inc. All Rights Reserved.
------------------------------------------------------------------------------------------------------
| Tool Version : Vivado v.2018.2 (win64) Build 2258646 Thu Jun 14 20:03:12 MDT 2018
| Date         : Mon Jul 22 16:29:49 2024
| Host         : Abanob running 64-bit major release  (build 9200)
| Command      : report_drc -file ALSU_drc_routed.rpt -pb ALSU_drc_routed.pb -rpx ALSU_drc_routed.rpx
| Design       : ALSU
| Device       : xc7a35ticpg236-1L
| Speed File   : -1L
| Design State : Routed
------------------------------------------------------------------------------------------------------

Report DRC

Table of Contents
-----------------
1. REPORT SUMMARY
2. REPORT DETAILS

1. REPORT SUMMARY
-----------------
            Netlist: netlist
          Floorplan: design_1
      Design limits: <entire design considered>
           Ruledeck: default
             Max violations: <unlimited>
             Violations found: 16
+-----------+------------------+----------------------------+------------+
| Rule      | Severity         | Description                | Violations |
+-----------+------------------+----------------------------+------------+
| NSTD-1    | Critical Warning | Unspecified I/O Standard   | 1          |
| UCIO-1    | Critical Warning | Unconstrained Logical Port | 1          |
| IOSR-1    | Warning          | IOB set reset sharing      | 13         |
| RTSTAT-10 | Warning          | No routable loads          | 1          |
+-----------+------------------+----------------------------+------------+

2. REPORT DETAILS
-----------------
NSTD-1#1 Critical Warning
Unspecified I/O Standard  
6 out of 40 logical ports use I/O standard (IOSTANDARD) value 'DEFAULT', instead of a user assigned specific value. This may cause I/O contention or incompatibility with the board power or connectivity affecting performance, signal integrity or in extreme cases cause damage to the device or the components to which it is connected. To correct this violation, specify all I/O standards. This design will fail to generate a bitstream unless all logical ports have a user specified I/O standard value defined. To allow bitstream creation with unspecified I/O standard values (not recommended), use this command: set_property SEVERITY {Warning} [get_drc_checks NSTD-1].  NOTE: When using the Vivado Runs infrastructure (e.g. launch_runs Tcl command), add this command to a .tcl file and add that file as a pre-hook for write_bitstream step for the implementation run. Problem ports: out[5:0].
Related violations: <none>

UCIO-1#1 Critical Warning
Unconstrained Logical Port  
6 out of 40 logical ports have no user assigned specific location constraint (LOC). This may cause I/O contention or incompatibility with the board power or connectivity affecting performance, signal integrity or in extreme cases cause damage to the device or the components to which it is connected. To correct this violation, specify all pin locations. This design will fail to generate a bitstream unless all logical ports have a user specified site LOC constraint defined.  To allow bitstream creation with unspecified pin locations (not recommended), use this command: set_property SEVERITY {Warning} [get_drc_checks UCIO-1].  NOTE: When using the Vivado Runs infrastructure (e.g. launch_runs Tcl command), add this command to a .tcl file and add that file as a pre-hook for write_bitstream step for the implementation run.  Problem ports: out[5:0].
Related violations: <none>

IOSR-1#1 Warning
IOB set reset sharing  
IO A[0] connects to flops which have these rst_IBUF, u_ila_0/inst/ila_core_inst/use_probe_debug_circuit set/reset signals.  For optimal IOB flop packing there should be only one set/reset signal coming into the IOB.
Related violations: <none>

IOSR-1#2 Warning
IOB set reset sharing  
IO A[1] connects to flops which have these rst_IBUF, u_ila_0/inst/ila_core_inst/use_probe_debug_circuit set/reset signals.  For optimal IOB flop packing there should be only one set/reset signal coming into the IOB.
Related violations: <none>

IOSR-1#3 Warning
IOB set reset sharing  
IO A[2] connects to flops which have these rst_IBUF, u_ila_0/inst/ila_core_inst/use_probe_debug_circuit set/reset signals.  For optimal IOB flop packing there should be only one set/reset signal coming into the IOB.
Related violations: <none>

IOSR-1#4 Warning
IOB set reset sharing  
IO bypass_A connects to flops which have these rst_IBUF, u_ila_0/inst/ila_core_inst/use_probe_debug_circuit set/reset signals.  For optimal IOB flop packing there should be only one set/reset signal coming into the IOB.
Related violations: <none>

IOSR-1#5 Warning
IOB set reset sharing  
IO bypass_B connects to flops which have these rst_IBUF, u_ila_0/inst/ila_core_inst/use_probe_debug_circuit set/reset signals.  For optimal IOB flop packing there should be only one set/reset signal coming into the IOB.
Related violations: <none>

IOSR-1#6 Warning
IOB set reset sharing  
IO cin connects to flops which have these rst_IBUF, u_ila_0/inst/ila_core_inst/use_probe_debug_circuit set/reset signals.  For optimal IOB flop packing there should be only one set/reset signal coming into the IOB.
Related violations: <none>

IOSR-1#7 Warning
IOB set reset sharing  
IO direction connects to flops which have these rst_IBUF, u_ila_0/inst/ila_core_inst/use_probe_debug_circuit set/reset signals.  For optimal IOB flop packing there should be only one set/reset signal coming into the IOB.
Related violations: <none>

IOSR-1#8 Warning
IOB set reset sharing  
IO opcode[0] connects to flops which have these rst_IBUF, u_ila_0/inst/ila_core_inst/use_probe_debug_circuit set/reset signals.  For optimal IOB flop packing there should be only one set/reset signal coming into the IOB.
Related violations: <none>

IOSR-1#9 Warning
IOB set reset sharing  
IO opcode[1] connects to flops which have these rst_IBUF, u_ila_0/inst/ila_core_inst/use_probe_debug_circuit set/reset signals.  For optimal IOB flop packing there should be only one set/reset signal coming into the IOB.
Related violations: <none>

IOSR-1#10 Warning
IOB set reset sharing  
IO opcode[2] connects to flops which have these rst_IBUF, u_ila_0/inst/ila_core_inst/use_probe_debug_circuit set/reset signals.  For optimal IOB flop packing there should be only one set/reset signal coming into the IOB.
Related violations: <none>

IOSR-1#11 Warning
IOB set reset sharing  
IO red_op_A connects to flops which have these rst_IBUF, u_ila_0/inst/ila_core_inst/use_probe_debug_circuit set/reset signals.  For optimal IOB flop packing there should be only one set/reset signal coming into the IOB.
Related violations: <none>

IOSR-1#12 Warning
IOB set reset sharing  
IO red_op_B connects to flops which have these rst_IBUF, u_ila_0/inst/ila_core_inst/use_probe_debug_circuit set/reset signals.  For optimal IOB flop packing there should be only one set/reset signal coming into the IOB.
Related violations: <none>

IOSR-1#13 Warning
IOB set reset sharing  
IO serial_in connects to flops which have these rst_IBUF, u_ila_0/inst/ila_core_inst/use_probe_debug_circuit set/reset signals.  For optimal IOB flop packing there should be only one set/reset signal coming into the IOB.
Related violations: <none>

RTSTAT-10#1 Warning
No routable loads  
25 net(s) have no routable loads. The problem bus(es) and/or net(s) are dbg_hub/inst/BSCANID.u_xsdbm_id/CORE_XSDB.UUT_MASTER/U_ICON_INTERFACE/U_CMD6_RD/U_RD_FIFO/SUBCORE_FIFO.xsdbm_v3_0_0_rdfifo_inst/inst_fifo_gen/gconvfifo.rf/grf.rf/gntv_or_sync_fifo.gl0.rd/gr1.gr1_int.rfwft/aempty_fwft_i, dbg_hub/inst/BSCANID.u_xsdbm_id/CORE_XSDB.UUT_MASTER/U_ICON_INTERFACE/U_CMD7_CTL/ctl_reg[2:0], dbg_hub/inst/BSCANID.u_xsdbm_id/CORE_XSDB.UUT_MASTER/U_ICON_INTERFACE/U_CMD7_CTL/ctl_reg_en_2[1], dbg_hub/inst/BSCANID.u_xsdbm_id/CORE_XSDB.UUT_MASTER/U_ICON_INTERFACE/U_CMD1/ctl_reg_en_2[1], dbg_hub/inst/BSCANID.u_xsdbm_id/SWITCH_N_EXT_BSCAN.bscan_switch/m_bscan_capture[0], dbg_hub/inst/BSCANID.u_xsdbm_id/SWITCH_N_EXT_BSCAN.bscan_switch/m_bscan_drck[0], dbg_hub/inst/BSCANID.u_xsdbm_id/SWITCH_N_EXT_BSCAN.bscan_switch/m_bscan_runtest[0], dbg_hub/inst/BSCANID.u_xsdbm_id/CORE_XSDB.UUT_MASTER/U_ICON_INTERFACE/U_CMD6_RD/U_RD_FIFO/SUBCORE_FIFO.xsdbm_v3_0_0_rdfifo_inst/inst_fifo_gen/gconvfifo.rf/grf.rf/gntv_or_sync_fifo.gl0.wr/gwhf.whf/overflow, dbg_hub/inst/BSCANID.u_xsdbm_id/CORE_XSDB.UUT_MASTER/U_ICON_INTERFACE/U_CMD6_WR/U_WR_FIFO/SUBCORE_FIFO.xsdbm_v3_0_0_wrfifo_inst/inst_fifo_gen/gconvfifo.rf/grf.rf/gntv_or_sync_fifo.gl0.wr/gwhf.whf/overflow, dbg_hub/inst/BSCANID.u_xsdbm_id/CORE_XSDB.UUT_MASTER/U_ICON_INTERFACE/U_CMD6_RD/U_RD_FIFO/SUBCORE_FIFO.xsdbm_v3_0_0_rdfifo_inst/inst_fifo_gen/gconvfifo.rf/grf.rf/gntv_or_sync_fifo.gl0.rd/gras.rsts/ram_empty_i, dbg_hub/inst/BSCANID.u_xsdbm_id/CORE_XSDB.UUT_MASTER/U_ICON_INTERFACE/U_CMD6_WR/U_WR_FIFO/SUBCORE_FIFO.xsdbm_v3_0_0_wrfifo_inst/inst_fifo_gen/gconvfifo.rf/grf.rf/gntv_or_sync_fifo.gl0.wr/gwas.wsts/ram_full_i, dbg_hub/inst/BSCANID.u_xsdbm_id/CORE_XSDB.UUT_MASTER/U_ICON_INTERFACE/U_CMD6_WR/U_WR_FIFO/SUBCORE_FIFO.xsdbm_v3_0_0_wrfifo_inst/inst_fifo_gen/gconvfifo.rf/grf.rf/rstblk/rd_rst_reg[0], dbg_hub/inst/BSCANID.u_xsdbm_id/SWITCH_N_EXT_BSCAN.bscan_inst/s_bscan_tms, u_ila_0/inst/ila_core_inst/u_ila_regs/U_XSDB_SLAVE/s_daddr_o[13], u_ila_0/inst/ila_core_inst/u_ila_regs/U_XSDB_SLAVE/s_daddr_o[14] (the first 15 of 23 listed).
Related violations: <none>


